TN:
SF:C:\Users\Martin.dawson\SoundVast\src\SoundVast\wwwroot\components\app\app.jsx
FNF:0
FNH:0
DA:10,0
LF:1
LH:0
BRF:0
BRH:0
end_of_record
TN:
SF:C:\Users\Martin.dawson\SoundVast\src\SoundVast\wwwroot\components\app\routing.jsx
FN:10,(anonymous_0)
FNF:1
FNH:0
FNDA:0,(anonymous_0)
DA:11,0
LF:1
LH:0
BRF:0
BRH:0
end_of_record
TN:
SF:C:\Users\Martin.dawson\SoundVast\src\SoundVast\wwwroot\components\app\store.js
FNF:0
FNH:0
DA:10,0
DA:11,0
LF:2
LH:0
BRF:0
BRH:0
end_of_record
TN:
SF:C:\Users\Martin.dawson\SoundVast\src\SoundVast\wwwroot\components\frontPage\frontPage.jsx
FN:4,(anonymous_0)
FNF:1
FNH:1
FNDA:1,(anonymous_0)
DA:4,1
DA:5,1
LF:2
LH:2
BRF:0
BRH:0
end_of_record
TN:
SF:C:\Users\Martin.dawson\SoundVast\src\SoundVast\wwwroot\components\header\header.jsx
FN:11,(anonymous_0)
FNF:1
FNH:1
FNDA:3,(anonymous_0)
DA:11,1
DA:12,3
LF:2
LH:2
BRF:0
BRH:0
end_of_record
TN:
SF:C:\Users\Martin.dawson\SoundVast\src\SoundVast\wwwroot\components\header\adminList\adminList.jsx
FN:5,(anonymous_0)
FNF:1
FNH:1
FNDA:2,(anonymous_0)
DA:5,1
DA:6,2
DA:15,1
LF:3
LH:3
BRDA:6,0,0,1
BRDA:6,0,1,1
BRF:2
BRH:2
end_of_record
TN:
SF:C:\Users\Martin.dawson\SoundVast\src\SoundVast\wwwroot\components\header\adminList\adminListContainer.js
FN:5,(anonymous_0)
FNF:1
FNH:1
FNDA:1,(anonymous_0)
DA:5,1
LF:1
LH:1
BRF:0
BRH:0
end_of_record
TN:
SF:C:\Users\Martin.dawson\SoundVast\src\SoundVast\wwwroot\components\header\authorizedList\authorizedList.jsx
FN:7,(anonymous_0)
FNF:1
FNH:1
FNDA:3,(anonymous_0)
DA:7,1
DA:8,3
DA:27,1
DA:31,1
LF:4
LH:4
BRDA:8,0,0,2
BRDA:8,0,1,1
BRF:2
BRH:2
end_of_record
TN:
SF:C:\Users\Martin.dawson\SoundVast\src\SoundVast\wwwroot\components\header\authorizedList\authorizedListContainer.js
FN:5,(anonymous_0)
FNF:1
FNH:1
FNDA:1,(anonymous_0)
DA:5,1
LF:1
LH:1
BRF:0
BRH:0
end_of_record
TN:
SF:C:\Users\Martin.dawson\SoundVast\src\SoundVast\wwwroot\components\header\unAuthorizedList\unAuthorizedList.jsx
FN:8,(anonymous_0)
FNF:1
FNH:1
FNDA:2,(anonymous_0)
DA:8,1
DA:9,2
DA:17,1
LF:3
LH:3
BRDA:9,0,0,1
BRDA:9,0,1,1
BRF:2
BRH:2
end_of_record
TN:
SF:C:\Users\Martin.dawson\SoundVast\src\SoundVast\wwwroot\components\header\unAuthorizedList\unAuthorizedListContainer.js
FN:5,(anonymous_0)
FNF:1
FNH:1
FNDA:1,(anonymous_0)
DA:5,1
LF:1
LH:1
BRF:0
BRH:0
end_of_record
TN:
SF:C:\Users\Martin.dawson\SoundVast\src\SoundVast\wwwroot\components\shared\form\formActions.js
FN:5,(anonymous_0)
FN:5,(anonymous_1)
FN:9,(anonymous_2)
FN:10,(anonymous_3)
FNF:4
FNH:4
FNDA:3,(anonymous_0)
FNDA:1,(anonymous_1)
FNDA:1,(anonymous_2)
FNDA:1,(anonymous_3)
DA:5,3
DA:6,1
DA:10,1
DA:11,1
LF:4
LH:4
BRF:0
BRH:0
end_of_record
TN:
SF:C:\Users\Martin.dawson\SoundVast\src\SoundVast\wwwroot\components\shared\form\antiForgeryToken\antiForgeryToken.jsx
FN:4,(anonymous_0)
FNF:1
FNH:1
FNDA:1,(anonymous_0)
DA:4,1
DA:5,1
LF:2
LH:2
BRF:0
BRH:0
end_of_record
TN:
SF:C:\Users\Martin.dawson\SoundVast\src\SoundVast\wwwroot\components\shared\form\antiForgeryToken\antiForgeryTokenContainer.js
FNF:0
FNH:0
DA:11,1
LF:1
LH:1
BRF:0
BRH:0
end_of_record
TN:
SF:C:\Users\Martin.dawson\SoundVast\src\SoundVast\wwwroot\components\shared\form\elements\input.jsx
FN:9,(anonymous_0)
FNF:1
FNH:1
FNDA:2,(anonymous_0)
DA:9,1
DA:10,2
DA:16,1
DA:20,1
LF:4
LH:4
BRF:0
BRH:0
end_of_record
TN:
SF:C:\Users\Martin.dawson\SoundVast\src\SoundVast\wwwroot\components\shared\form\validation\error\error.jsx
FN:6,(anonymous_0)
FNF:1
FNH:1
FNDA:2,(anonymous_0)
DA:6,1
DA:7,2
DA:14,1
DA:18,1
LF:4
LH:4
BRDA:7,0,0,1
BRDA:7,0,1,1
BRDA:7,1,0,2
BRDA:7,1,1,1
BRF:4
BRH:4
end_of_record
TN:
SF:C:\Users\Martin.dawson\SoundVast\src\SoundVast\wwwroot\components\shared\modal\modal.jsx
FN:7,(anonymous_0)
FNF:1
FNH:1
FNDA:5,(anonymous_0)
DA:7,1
DA:8,5
DA:24,1
LF:3
LH:3
BRF:0
BRH:0
end_of_record
TN:
SF:C:\Users\Martin.dawson\SoundVast\src\SoundVast\wwwroot\components\shared\modal\modalActions.js
FN:1,(anonymous_0)
FN:6,(anonymous_1)
FNF:2
FNH:2
FNDA:1,(anonymous_0)
FNDA:4,(anonymous_1)
DA:1,1
DA:6,4
LF:2
LH:2
BRF:0
BRH:0
end_of_record
TN:
SF:C:\Users\Martin.dawson\SoundVast\src\SoundVast\wwwroot\components\shared\modal\modalContainer.js
FN:8,(anonymous_0)
FNF:1
FNH:1
FNDA:2,(anonymous_0)
DA:8,2
LF:1
LH:1
BRF:0
BRH:0
end_of_record
TN:
SF:C:\Users\Martin.dawson\SoundVast\src\SoundVast\wwwroot\components\shared\modal\modalReducer.js
FN:1,(anonymous_0)
FNF:1
FNH:1
FNDA:3,(anonymous_0)
DA:2,3
DA:4,1
DA:8,1
DA:11,1
LF:4
LH:4
BRDA:1,0,0,1
BRDA:2,1,0,1
BRDA:2,1,1,1
BRDA:2,1,2,1
BRF:4
BRH:4
end_of_record
TN:
SF:C:\Users\Martin.dawson\SoundVast\src\SoundVast\wwwroot\components\shared\modal\link\link.jsx
FN:4,(anonymous_0)
FN:5,(anonymous_1)
FNF:2
FNH:2
FNDA:2,(anonymous_0)
FNDA:1,(anonymous_1)
DA:4,1
DA:5,2
DA:10,1
LF:3
LH:3
BRF:0
BRH:0
end_of_record
TN:
SF:C:\Users\Martin.dawson\SoundVast\src\SoundVast\wwwroot\components\shared\modal\link\linkContainer.js
FNF:0
FNH:0
LF:0
LH:0
BRF:0
BRH:0
end_of_record
TN:
SF:C:\Users\Martin.dawson\SoundVast\src\SoundVast\wwwroot\components\shared\modal\overlay\overlay.jsx
FN:6,(anonymous_0)
FNF:1
FNH:1
FNDA:1,(anonymous_0)
DA:6,1
DA:7,1
DA:9,1
LF:3
LH:3
BRF:0
BRH:0
end_of_record
TN:
SF:C:\Users\Martin.dawson\SoundVast\src\SoundVast\wwwroot\components\shared\popup\popup.jsx
FN:4,(anonymous_0)
FNF:1
FNH:1
FNDA:1,(anonymous_0)
DA:4,1
DA:5,1
DA:10,1
LF:3
LH:3
BRF:0
BRH:0
end_of_record
TN:
SF:C:\Users\Martin.dawson\SoundVast\src\SoundVast\wwwroot\components\shared\popup\popupActions.js
FN:1,(anonymous_0)
FN:6,(anonymous_1)
FNF:2
FNH:2
FNDA:4,(anonymous_0)
FNDA:1,(anonymous_1)
DA:1,4
DA:6,1
LF:2
LH:2
BRF:0
BRH:0
end_of_record
TN:
SF:C:\Users\Martin.dawson\SoundVast\src\SoundVast\wwwroot\components\shared\popup\popupContainer.js
FN:8,(anonymous_0)
FNF:1
FNH:1
FNDA:2,(anonymous_0)
DA:8,2
LF:1
LH:1
BRF:0
BRH:0
end_of_record
TN:
SF:C:\Users\Martin.dawson\SoundVast\src\SoundVast\wwwroot\components\shared\popup\popupReducer.js
FN:1,(anonymous_0)
FNF:1
FNH:1
FNDA:3,(anonymous_0)
DA:2,3
DA:4,1
DA:8,1
DA:11,1
LF:4
LH:4
BRDA:1,0,0,1
BRDA:2,1,0,1
BRDA:2,1,1,1
BRDA:2,1,2,1
BRF:4
BRH:4
end_of_record
TN:
SF:C:\Users\Martin.dawson\SoundVast\src\SoundVast\wwwroot\components\user\user.jsx
FN:6,(anonymous_0)
FNF:1
FNH:1
FNDA:2,(anonymous_0)
DA:6,1
DA:7,2
LF:2
LH:2
BRF:0
BRH:0
end_of_record
TN:
SF:C:\Users\Martin.dawson\SoundVast\src\SoundVast\wwwroot\components\user\userActions.js
FN:3,(anonymous_0)
FN:3,(anonymous_1)
FN:4,(anonymous_2)
FN:5,(anonymous_3)
FNF:4
FNH:4
FNDA:3,(anonymous_0)
FNDA:1,(anonymous_1)
FNDA:1,(anonymous_2)
FNDA:1,(anonymous_3)
DA:3,3
DA:4,1
DA:5,1
DA:6,1
LF:4
LH:4
BRF:0
BRH:0
end_of_record
TN:
SF:C:\Users\Martin.dawson\SoundVast\src\SoundVast\wwwroot\components\user\userContainer.js
FNF:0
FNH:0
DA:11,1
LF:1
LH:1
BRF:0
BRH:0
end_of_record
TN:
SF:C:\Users\Martin.dawson\SoundVast\src\SoundVast\wwwroot\components\user\userReducer.js
FN:6,(anonymous_0)
FNF:1
FNH:1
FNDA:2,(anonymous_0)
DA:1,1
DA:7,2
DA:9,1
DA:14,1
LF:4
LH:4
BRDA:6,0,0,1
BRDA:7,1,0,1
BRDA:7,1,1,1
BRF:3
BRH:3
end_of_record
TN:
SF:C:\Users\Martin.dawson\SoundVast\src\SoundVast\wwwroot\components\user\accountValidation.js
FN:1,(anonymous_0)
FNF:1
FNH:1
FNDA:9,(anonymous_0)
DA:1,1
DA:2,9
DA:4,9
DA:5,6
DA:6,3
DA:7,1
DA:8,2
DA:9,1
DA:12,9
DA:13,7
DA:14,2
DA:15,1
DA:18,9
DA:19,7
DA:20,2
DA:21,1
DA:24,9
DA:25,2
DA:28,9
LF:19
LH:19
BRDA:4,0,0,6
BRDA:4,0,1,3
BRDA:6,1,0,1
BRDA:6,1,1,2
BRDA:8,2,0,1
BRDA:8,2,1,1
BRDA:12,3,0,7
BRDA:12,3,1,2
BRDA:14,4,0,1
BRDA:14,4,1,1
BRDA:18,5,0,7
BRDA:18,5,1,2
BRDA:20,6,0,1
BRDA:20,6,1,1
BRDA:24,7,0,2
BRDA:24,7,1,7
BRF:16
BRH:16
end_of_record
TN:
SF:C:\Users\Martin.dawson\SoundVast\src\SoundVast\wwwroot\components\user\login\login.jsx
FN:5,(anonymous_0)
FNF:1
FNH:1
FNDA:1,(anonymous_0)
DA:5,1
DA:6,1
LF:2
LH:2
BRF:0
BRH:0
end_of_record
TN:
SF:C:\Users\Martin.dawson\SoundVast\src\SoundVast\wwwroot\components\user\login\socialLogin\confirmation\confirmation.jsx
FN:8,(anonymous_0)
FNF:1
FNH:1
FNDA:2,(anonymous_0)
DA:8,1
DA:9,2
DA:10,2
DA:11,2
DA:13,2
DA:22,1
LF:6
LH:6
BRF:0
BRH:0
end_of_record
TN:
SF:C:\Users\Martin.dawson\SoundVast\src\SoundVast\wwwroot\components\user\login\socialLogin\confirmation\form\form.jsx
FN:9,(anonymous_0)
FNF:1
FNH:1
FNDA:2,(anonymous_0)
DA:9,1
DA:10,2
DA:32,1
DA:36,1
LF:4
LH:4
BRF:0
BRH:0
end_of_record
TN:
SF:C:\Users\Martin.dawson\SoundVast\src\SoundVast\wwwroot\components\user\login\socialLogin\confirmation\form\formActions.js
FN:5,(anonymous_0)
FN:5,(anonymous_1)
FN:10,(anonymous_2)
FN:14,(anonymous_3)
FNF:4
FNH:4
FNDA:3,(anonymous_0)
FNDA:3,(anonymous_1)
FNDA:3,(anonymous_2)
FNDA:1,(anonymous_3)
DA:5,3
DA:6,3
DA:11,3
DA:12,0
DA:13,3
DA:14,1
DA:15,1
DA:18,2
LF:8
LH:7
BRDA:11,0,0,0
BRDA:11,0,1,3
BRDA:13,1,0,1
BRDA:13,1,1,2
BRF:4
BRH:3
end_of_record
TN:
SF:C:\Users\Martin.dawson\SoundVast\src\SoundVast\wwwroot\components\user\login\socialLogin\confirmation\form\formContainer.js
FN:9,(anonymous_0)
FN:15,(anonymous_1)
FN:16,(anonymous_2)
FN:19,(anonymous_3)
FNF:4
FNH:0
FNDA:0,(anonymous_0)
FNDA:0,(anonymous_1)
FNDA:0,(anonymous_2)
FNDA:0,(anonymous_3)
DA:9,1
DA:15,1
DA:17,0
DA:19,0
DA:20,0
DA:23,0
LF:6
LH:2
BRF:0
BRH:0
end_of_record
TN:
SF:C:\Users\Martin.dawson\SoundVast\src\SoundVast\wwwroot\components\user\login\socialLogin\failure\failure.jsx
FN:3,(anonymous_0)
FNF:1
FNH:0
FNDA:0,(anonymous_0)
DA:3,0
LF:1
LH:0
BRF:0
BRH:0
end_of_record
TN:
SF:C:\Users\Martin.dawson\SoundVast\src\SoundVast\wwwroot\components\user\login\socialLogins\socialLogins.jsx
FN:7,(anonymous_0)
FNF:1
FNH:1
FNDA:4,(anonymous_0)
DA:7,1
DA:8,4
DA:16,1
DA:20,1
LF:4
LH:4
BRDA:10,0,0,2
BRDA:10,0,1,2
BRF:2
BRH:2
end_of_record
TN:
SF:C:\Users\Martin.dawson\SoundVast\src\SoundVast\wwwroot\components\user\login\socialLogins\socialLoginsActions.js
FN:3,(anonymous_0)
FN:3,(anonymous_1)
FN:4,(anonymous_2)
FN:5,(anonymous_3)
FNF:4
FNH:4
FNDA:3,(anonymous_0)
FNDA:1,(anonymous_1)
FNDA:1,(anonymous_2)
FNDA:1,(anonymous_3)
DA:3,3
DA:4,1
DA:5,1
DA:6,1
LF:4
LH:4
BRF:0
BRH:0
end_of_record
TN:
SF:C:\Users\Martin.dawson\SoundVast\src\SoundVast\wwwroot\components\user\login\socialLogins\socialLoginsContainer.js
FN:7,(anonymous_0)
FNF:1
FNH:1
FNDA:1,(anonymous_0)
DA:7,1
DA:15,1
LF:2
LH:2
BRF:0
BRH:0
end_of_record
TN:
SF:C:\Users\Martin.dawson\SoundVast\src\SoundVast\wwwroot\components\user\login\socialLogins\socialLoginsReducer.js
FN:1,(anonymous_0)
FNF:1
FNH:1
FNDA:2,(anonymous_0)
DA:2,2
DA:4,1
DA:7,1
LF:3
LH:3
BRDA:1,0,0,1
BRDA:2,1,0,1
BRDA:2,1,1,1
BRF:3
BRH:3
end_of_record
TN:
SF:C:\Users\Martin.dawson\SoundVast\src\SoundVast\wwwroot\components\user\login\socialLogins\errorMessage\errorMessage.jsx
FN:3,(anonymous_0)
FNF:1
FNH:0
FNDA:0,(anonymous_0)
DA:3,1
DA:4,0
LF:2
LH:1
BRF:0
BRH:0
end_of_record
TN:
SF:C:\Users\Martin.dawson\SoundVast\src\SoundVast\wwwroot\components\user\login\socialLogins\form\form.jsx
FN:9,(anonymous_0)
FN:15,(anonymous_1)
FNF:2
FNH:2
FNDA:2,(anonymous_0)
FNDA:1,(anonymous_1)
DA:9,1
DA:10,2
DA:16,1
DA:28,1
DA:32,1
LF:5
LH:5
BRF:0
BRH:0
end_of_record
TN:
SF:C:\Users\Martin.dawson\SoundVast\src\SoundVast\wwwroot\components\user\login\socialLogins\form\formContainer.js
FNF:0
FNH:0
LF:0
LH:0
BRF:0
BRH:0
end_of_record
TN:
SF:C:\Users\Martin.dawson\SoundVast\src\SoundVast\wwwroot\components\user\login\socialLogins\form\socialLogin\socialLogin.jsx
FN:6,(anonymous_0)
FNF:1
FNH:1
FNDA:1,(anonymous_0)
DA:6,1
DA:7,1
DA:20,1
LF:3
LH:3
BRF:0
BRH:0
end_of_record
TN:
SF:C:\Users\Martin.dawson\SoundVast\src\SoundVast\wwwroot\components\user\login\successMessage\successMessage.jsx
FN:5,(anonymous_0)
FNF:1
FNH:1
FNDA:1,(anonymous_0)
DA:5,1
DA:6,1
LF:2
LH:2
BRF:0
BRH:0
end_of_record
TN:
SF:C:\Users\Martin.dawson\SoundVast\src\SoundVast\wwwroot\components\user\register\register.jsx
FN:7,(anonymous_0)
FNF:1
FNH:1
FNDA:2,(anonymous_0)
DA:7,1
DA:8,2
LF:2
LH:2
BRF:0
BRH:0
end_of_record
TN:
SF:C:\Users\Martin.dawson\SoundVast\src\SoundVast\wwwroot\components\user\register\form\form.jsx
FN:12,(anonymous_0)
FNF:1
FNH:1
FNDA:2,(anonymous_0)
DA:12,1
DA:13,2
DA:38,1
DA:42,1
LF:4
LH:4
BRF:0
BRH:0
end_of_record
TN:
SF:C:\Users\Martin.dawson\SoundVast\src\SoundVast\wwwroot\components\user\register\form\formActions.js
FN:7,(anonymous_0)
FN:7,(anonymous_1)
FN:12,(anonymous_2)
FN:17,(anonymous_3)
FNF:4
FNH:4
FNDA:5,(anonymous_0)
FNDA:5,(anonymous_1)
FNDA:5,(anonymous_2)
FNDA:1,(anonymous_3)
DA:7,5
DA:8,5
DA:13,5
DA:14,3
DA:15,3
DA:16,2
DA:17,1
DA:18,1
DA:21,1
LF:9
LH:9
BRDA:13,0,0,3
BRDA:13,0,1,2
BRDA:16,1,0,1
BRDA:16,1,1,1
BRF:4
BRH:4
end_of_record
TN:
SF:C:\Users\Martin.dawson\SoundVast\src\SoundVast\wwwroot\components\user\register\form\formContainer.js
FN:9,(anonymous_0)
FN:10,(anonymous_1)
FN:13,(anonymous_2)
FNF:3
FNH:0
FNDA:0,(anonymous_0)
FNDA:0,(anonymous_1)
FNDA:0,(anonymous_2)
DA:9,1
DA:11,0
DA:13,0
DA:14,0
DA:17,0
LF:5
LH:1
BRF:0
BRH:0
end_of_record
